PRT1
153
403
4 0 76 (0 575 1344 ) (0 575 1536 ) (0 576 1536 ) (0 576 1344 ) 
4 0 14 (1024 575 1344 ) (1024 575 1536 ) (0 575 1536 ) (0 575 1344 ) 
4 0 10 (128 575 1344 ) (0 575 1344 ) (0 576 1344 ) (128 576 1344 ) 
4 0 9 (384 575 1344 ) (320 575 1344 ) (320 576 1344 ) (384 576 1344 ) 
4 0 7 (512 575 1344 ) (448 575 1344 ) (448 576 1344 ) (512 576 1344 ) 
4 0 6 (640 575 1344 ) (576 575 1344 ) (576 576 1344 ) (640 576 1344 ) 
4 0 1 (1024 575 1344 ) (896 575 1344 ) (896 576 1344 ) (1024 576 1344 ) 
4 0 3 (832 575 1344 ) (768 575 1344 ) (768 576 1344 ) (832 576 1344 ) 
4 1 14 (1024 575 1024 ) (1024 575 1344 ) (896 575 1344 ) (896 575 1024 ) 
4 1 2 (896 575 1088 ) (896 575 1152 ) (896 576 1152 ) (896 576 1088 ) 
4 2 14 (832 575 1152 ) (832 575 1088 ) (896 575 1088 ) (896 575 1152 ) 
4 2 3 (832 575 1088 ) (832 575 1152 ) (832 576 1152 ) (832 576 1088 ) 
4 3 14 (832 575 1344 ) (768 575 1344 ) (768 575 1024 ) (832 575 1024 ) 
4 3 4 (768 575 1216 ) (768 575 1280 ) (768 576 1280 ) (768 576 1216 ) 
4 4 14 (704 575 1280 ) (704 575 1216 ) (768 575 1216 ) (768 575 1280 ) 
4 5 14 (640 575 1152 ) (640 575 1088 ) (704 575 1088 ) (704 575 1152 ) 
4 5 6 (640 576 1088 ) (640 575 1088 ) (640 575 1152 ) (640 576 1152 ) 
4 6 14 (640 575 1344 ) (576 575 1344 ) (576 575 1088 ) (640 575 1088 ) 
4 6 8 (576 576 1088 ) (640 576 1088 ) (640 575 1088 ) (576 575 1088 ) 
4 7 14 (512 575 1344 ) (448 575 1344 ) (448 575 1088 ) (512 575 1088 ) 
4 8 14 (512 575 1024 ) (640 575 1024 ) (640 575 1088 ) (512 575 1088 ) 
4 9 14 (384 575 1344 ) (320 575 1344 ) (320 575 1280 ) (384 575 1280 ) 
4 9 12 (320 576 1280 ) (384 576 1280 ) (384 575 1280 ) (320 575 1280 ) 
4 10 77 (0 575 1280 ) (0 575 1344 ) (0 576 1344 ) (0 576 1280 ) 
4 10 14 (128 575 1344 ) (0 575 1344 ) (0 575 1280 ) (128 575 1280 ) 
4 10 13 (0 576 1280 ) (128 576 1280 ) (128 575 1280 ) (0 575 1280 ) 
4 11 14 (384 575 1024 ) (448 575 1024 ) (448 575 1088 ) (384 575 1088 ) 
4 11 12 (384 576 1024 ) (384 575 1024 ) (384 575 1088 ) (384 576 1088 ) 
4 12 14 (256 575 1024 ) (384 575 1024 ) (384 575 1280 ) (256 575 1280 ) 
4 13 77 (0 575 1024 ) (0 575 1280 ) (0 576 1280 ) (0 576 1024 ) 
4 13 14 (0 575 1280 ) (0 575 1024 ) (192 575 1024 ) (192 575 1280 ) 
4 14 91 (0 512 1024 ) (0 512 1536 ) (0 575 1536 ) (0 575 1024 ) 
4 14 25 (896 512 1536 ) (0 512 1536 ) (0 512 1024 ) (896 512 1024 ) 
4 14 16 (960 512 1536 ) (896 512 1536 ) (896 512 1024 ) (960 512 1024 ) 
4 14 15 (1024 512 1024 ) (1024 512 1536 ) (960 512 1536 ) (960 512 1024 ) 
4 15 44 (1024 0 1024 ) (1024 0 1536 ) (960 0 1536 ) (960 0 1024 ) 
4 15 16 (960 512 1536 ) (960 512 1024 ) (960 0 1024 ) (960 0 1536 ) 
4 16 45 (960 0 896 ) (960 0 1536 ) (896 0 1536 ) (896 0 896 ) 
4 16 32 (896 512 1024 ) (896 512 896 ) (896 480.008942 896 ) (896 448.006927 1024 ) 
4 16 26 (896 480.008942 896 ) (896 0 896 ) (896 0 1024 ) (896 448.006927 1024 ) 
4 16 25 (896 512 1536 ) (896 512 1024 ) (896 0 1024 ) (896 0 1536 ) 
4 17 40 (896 512 320 ) (896 512 192.028000 ) (896 448 192.028000 ) (896 448 320 ) 
3 17 34 (896 512 832 ) (896 512 768.043762 ) (896 496.009949 832 ) 
5 17 29 (896 512 768.043762 ) (896 512 320 ) (896 448 320 ) (896 448 832 ) (896 496.009949 832 ) 
4 17 18 (960 448 512 ) (896 448 832 ) (896 448 192.028000 ) (896.005615 448 192.028000 ) 
4 18 40 (896 384 192.028000 ) (896 384 320 ) (896 448 320 ) (896 448 192.028000 ) 
4 18 29 (896 384 320 ) (896 384 832 ) (896 448 832 ) (896 448 320 ) 
4 18 19 (960 384 512 ) (896 384 832 ) (896 384 192.028000 ) (896.005615 384 192.028000 ) 
4 19 40 (896 320 192.028000 ) (896 320 320 ) (896 384 320 ) (896 384 192.028000 ) 
4 19 29 (896 320 320 ) (896 320 832 ) (896 384 832 ) (896 384 320 ) 
4 19 20 (960 320 512 ) (896 320 832 ) (896 320 192.028000 ) (896.005615 320 192.028000 ) 
4 20 40 (896 256 192.028000 ) (896 256 320 ) (896 320 320 ) (896 320 192.028000 ) 
4 20 29 (896 256 320 ) (896 256 832 ) (896 320 832 ) (896 320 320 ) 
4 20 21 (960 256 512 ) (896 256 832 ) (896 256 192.028000 ) (896.005615 256 192.028000 ) 
4 21 40 (896 192 192.028000 ) (896 192 320 ) (896 256 320 ) (896 256 192.028000 ) 
4 21 29 (896 192 320 ) (896 192 832 ) (896 256 832 ) (896 256 320 ) 
4 21 22 (960 192 512 ) (896 192 832 ) (896 192 192.028000 ) (896.005615 192 192.028000 ) 
4 22 42 (896 128 192.028000 ) (896 128 320 ) (896 191 320 ) (896 191 192.028000 ) 
4 22 41 (896 191 320 ) (896 192 320 ) (896 192 192.028000 ) (896 191 192.028000 ) 
4 22 29 (896 128 320 ) (896 128 832 ) (896 192 832 ) (896 192 320 ) 
4 22 23 (960 128 512 ) (896 128 832 ) (896 128 192.028000 ) (896.005615 128 192.028000 ) 
4 23 42 (896 64 192.028000 ) (896 64 320 ) (896 128 320 ) (896 128 192.028000 ) 
4 23 29 (896 64 320 ) (896 64 832 ) (896 128 832 ) (896 128 320 ) 
4 23 24 (960 64 512 ) (896 64 832 ) (896 64 192.028000 ) (896.005615 64 192.028000 ) 
4 24 46 (960 0 512 ) (896 0 832 ) (896 0 192.028000 ) (896.005615 0 192.028000 ) 
4 24 42 (896 0 192.028000 ) (896 0 320 ) (896 64 320 ) (896 64 192.028000 ) 
4 24 29 (896 0 320 ) (896 0 832 ) (896 64 832 ) (896 64 320 ) 
4 25 102 (0 0 1024 ) (0 0 1536 ) (0 448 1536 ) (0 448 1024 ) 
4 25 92 (0 448 1536 ) (0 512 1536 ) (0 512 1024 ) (0 448 1024 ) 
4 25 56 (896 0 1024 ) (896 0 1536 ) (0 0 1536 ) (0 0 1024 ) 
4 25 39 (64 512 1024 ) (128 512 1024 ) (128 448.006927 1024 ) (64 448.006927 1024 ) 
4 25 37 (320 512 1024 ) (384 512 1024 ) (384 448.006927 1024 ) (320 448.006927 1024 ) 
4 25 38 (192 512 1024 ) (256 512 1024 ) (256 448.006927 1024 ) (192 448.006927 1024 ) 
4 25 36 (448 512 1024 ) (512 512 1024 ) (512 448.006927 1024 ) (448 448.006927 1024 ) 
4 25 35 (576 512 1024 ) (640 512 1024 ) (640 448.006927 1024 ) (576 448.006927 1024 ) 
4 25 32 (704 512 1024 ) (896 512 1024 ) (896 448.006927 1024 ) (704 448.006927 1024 ) 
3 25 30 (98.461609 0 1024 ) (0 0 1024 ) (0 47.407433 1024 ) 
5 25 26 (896 448.006927 1024 ) (896 0 1024 ) (98.461609 0 1024 ) (0 47.407433 1024 ) (0 448.006927 1024 ) 
4 26 102 (0 47.407433 1024 ) (0 448 1024 ) (0 448 895.895020 ) (0 47.407436 895.895020 ) 
4 26 93 (0 448 1024 ) (0 448.006927 1024 ) (0 480.035187 895.895020 ) (0 448 895.895020 ) 
4 26 56 (896 0 895.895020 ) (896 0 1024 ) (98.461609 0 1024 ) (98.461601 0 895.895020 ) 
4 26 39 (64 448.006256 1024 ) (128 448.006256 1024 ) (128 480.034485 895.895020 ) (64 480.034485 895.895020 ) 
4 26 37 (320 448.006256 1024 ) (384 448.006256 1024 ) (384 480.034485 895.895020 ) (320 480.034485 895.895020 ) 
4 26 38 (192 448.006256 1024 ) (256 448.006256 1024 ) (256 480.034485 895.895020 ) (192 480.034485 895.895020 ) 
4 26 36 (448 448.006256 1024 ) (512 448.006256 1024 ) (512 480.034485 895.895020 ) (448 480.034485 895.895020 ) 
4 26 35 (576 448.006256 1024 ) (640 448.006256 1024 ) (640 480.034485 895.895020 ) (576 480.034485 895.895020 ) 
4 26 32 (704 448.006256 1024 ) (896 448.006256 1024 ) (896 480.034485 895.895020 ) (704 480.034485 895.895020 ) 
4 26 30 (98.469414 0 895.895020 ) (98.469727 0 1024 ) (0 47.411377 1024 ) (0 47.411221 895.895020 ) 
3 26 28 (896 438.856995 895.895020 ) (896 0 895.895020 ) (98.461731 0 895.895020 ) 
3 26 27 (0 54.179970 895.895020 ) (0 480.035156 895.895020 ) (773.910034 480.035156 895.895020 ) 
4 27 104 (0 448 832.120972 ) (0 54.179962 832.120972 ) (0 54.179966 895.895020 ) (0 448 895.895020 ) 
4 27 93 (0 480.035187 895.895020 ) (0 495.979706 832.120972 ) (0 448 832.120972 ) (0 448 895.895020 ) 
4 27 39 (128 495.978973 832.120972 ) (64 495.978973 832.120972 ) (64 480.034485 895.895020 ) (128 480.034485 895.895020 ) 
4 27 37 (384 495.978973 832.120972 ) (320 495.978973 832.120972 ) (320 480.034485 895.895020 ) (384 480.034485 895.895020 ) 
4 27 38 (256 495.978973 832.120972 ) (192 495.978973 832.120972 ) (192 480.034485 895.895020 ) (256 480.034485 895.895020 ) 
4 27 36 (512 495.978973 832.120972 ) (448 495.978973 832.120972 ) (448 480.034485 895.895020 ) (512 480.034485 895.895020 ) 
4 27 35 (640 495.978973 832.120972 ) (576 495.978973 832.120972 ) (576 480.034485 895.895020 ) (640 480.034485 895.895020 ) 
4 27 33 (802.884827 495.978973 832.120972 ) (704 495.978973 832.120972 ) (704 480.034485 895.895020 ) (773.908813 480.034485 895.895020 ) 
3 27 29 (0 54.179966 832.120972 ) (0 495.980469 832.120972 ) (802.887573 495.980469 832.120972 ) 
4 28 60 (896 0 832.120972 ) (896 0 895.895020 ) (98.461601 0 895.895020 ) (98.461601 0 832.120972 ) 
3 28 29 (98.461243 0 832.120972 ) (896 438.856995 832.120972 ) (896 0 832.120972 ) 
4 29 105 (0 448 320 ) (0 47.407440 320 ) (0 47.407436 832.120972 ) (0 448 832.120972 ) 
5 29 93 (0 495.979706 832.120972 ) (0 512 768.043762 ) (0 512 320 ) (0 448 320 ) (0 448 832.120972 ) 
4 29 61 (896 0 320 ) (896 0 832.120972 ) (98.461601 0 832.120972 ) (98.461586 0 320 ) 
4 29 42 (128 191 320 ) (896 191 320 ) (896 0 320 ) (128 0 320 ) 
4 29 41 (128 192 320 ) (896 192 320 ) (896 191 320 ) (128 191 320 ) 
4 29 40 (128 512 320 ) (896 512 320 ) (896 192 320 ) (128 192 320 ) 
4 29 39 (128 512 768.040771 ) (64 512 768.040771 ) (64 495.978973 832.120972 ) (128 495.978973 832.120972 ) 
4 29 37 (384 512 768.040771 ) (320 512 768.040771 ) (320 495.978973 832.120972 ) (384 495.978973 832.120972 ) 
4 29 38 (256 512 768.040771 ) (192 512 768.040771 ) (192 495.978973 832.120972 ) (256 495.978973 832.120972 ) 
4 29 36 (512 512 768.040771 ) (448 512 768.040771 ) (448 495.978973 832.120972 ) (512 495.978973 832.120972 ) 
4 29 35 (640 512 768.040771 ) (576 512 768.040771 ) (576 495.978973 832.120972 ) (640 495.978973 832.120972 ) 
4 29 34 (896 495.978973 832.120972 ) (896 512 768.040771 ) (704 512 768.040771 ) (704 495.978973 832.120972 ) 
4 29 31 (0 47.410522 320 ) (98.468010 0 320 ) (98.469261 0 832.120972 ) (0 47.411144 832.120972 ) 
4 30 102 (0 0 896 ) (0 0 1024 ) (0 47.407433 1024 ) (0 47.407436 896 ) 
4 30 56 (98.461609 0 1024 ) (0 0 1024 ) (0 0 896 ) (98.461601 0 896 ) 
4 31 107 (0 0 320 ) (0 0 832 ) (0 47.407436 832 ) (0 47.407440 320 ) 
4 31 61 (0 0 832 ) (0 0 320 ) (98.461586 0 320 ) (98.461601 0 832 ) 
4 32 33 (773.895874 480.027344 895.895020 ) (704 480.027344 895.895020 ) (704 512 895.895020 ) (832 512 895.895020 ) 
4 33 34 (802.873413 495.972656 832.120972 ) (704 495.972656 832.120972 ) (704 512 832.120972 ) (832 512 832.120972 ) 
4 40 41 (896 192 192.028000 ) (896 192 320 ) (128 192 320 ) (383.943970 192 192.028000 ) 
4 41 42 (896 191 192.028000 ) (896 191 320 ) (128 191 320 ) (0.027985 191 192.028000 ) 
4 42 62 (896 0 192.028000 ) (896 0 320 ) (128 0 320 ) (0.027985 0 192.028000 ) 
4 42 43 (0.027344 0 192.028000 ) (0.027344 191 192.028000 ) (512.037292 191 192.028000 ) (512.037354 0 192.028000 ) 
4 43 111 (0 0 1 ) (0 0 192 ) (0 191 192 ) (0 191 1 ) 
5 43 63 (512.037292 0 192.028000 ) (0.027985 0 192.028000 ) (0 0 192 ) (0 0 1 ) (257.333344 0 1 ) 
4 44 75 (1024 -512 1024 ) (1024 -512 1536 ) (960 -512 1536 ) (960 -512 1024 ) 
4 44 45 (960 -512 1024 ) (960 -512 1536 ) (960 0 1536 ) (960 0 1024 ) 
4 45 75 (960 -512 1024 ) (960 -512 1536 ) (896 -512 1536 ) (896 -512 1024 ) 
4 45 66 (896 -448 896 ) (896 -512 896 ) (896 -512 1024 ) (896 -448 1024 ) 
4 45 65 (896 -512 1024 ) (896 -512 1536 ) (896 -448 1536 ) (896 -448 1024 ) 
4 45 56 (896 0 1536 ) (896 0 896 ) (896 -448 896 ) (896 -448 1536 ) 
4 46 62 (896 0 320 ) (896 0 192.028000 ) (896 -64 192.028000 ) (896 -64 320 ) 
4 46 61 (896 0 832 ) (896 0 320 ) (896 -64 320 ) (896 -64 832 ) 
4 46 47 (960 -64 512 ) (896 -64 832 ) (896 -64 192.028000 ) (896.005615 -64 192.028000 ) 
4 47 62 (896 -128 192.028000 ) (896 -128 320 ) (896 -64 320 ) (896 -64 192.028000 ) 
4 47 61 (896 -128 320 ) (896 -128 832 ) (896 -64 832 ) (896 -64 320 ) 
4 47 48 (960 -128 512 ) (896 -128 832 ) (896 -128 192.028000 ) (896.005615 -128 192.028000 ) 
4 48 62 (896 -192 192.028000 ) (896 -192 320 ) (896 -128 320 ) (896 -128 192.028000 ) 
4 48 61 (896 -192 320 ) (896 -192 832 ) (896 -128 832 ) (896 -128 320 ) 
4 48 49 (960 -192 512 ) (896 -192 832 ) (896 -192 192.028000 ) (896.005615 -192 192.028000 ) 
4 49 64 (896 -256 192.028000 ) (896 -256 320 ) (896 -192 320 ) (896 -192 192.028000 ) 
4 49 61 (896 -256 320 ) (896 -256 832 ) (896 -192 832 ) (896 -192 320 ) 
4 49 50 (959.997253 -256 511.986359 ) (896 -256 831.970703 ) (896 -256 192.028000 ) (896.005615 -256 192.028000 ) 
4 50 64 (896 -320 192.028000 ) (896 -320 320 ) (896 -256 320 ) (896 -256 192.028000 ) 
4 50 61 (896 -320 320 ) (896 -320 832 ) (896 -256 832 ) (896 -256 320 ) 
4 50 54 (960 -320 511.992188 ) (960 -256 511.992188 ) (896 -256 832 ) (896 -320 832 ) 
4 50 51 (959.997253 -320 511.986359 ) (896 -320 831.970703 ) (896 -320 192.028000 ) (896.005615 -320 192.028000 ) 
4 51 64 (896 -384 192.028000 ) (896 -384 320 ) (896 -320 320 ) (896 -320 192.028000 ) 
4 51 61 (896 -384 320 ) (896 -384 832 ) (896 -320 832 ) (896 -320 320 ) 
4 51 52 (959.997253 -384 511.986359 ) (896 -384 831.970703 ) (896 -384 192.028000 ) (896.005615 -384 192.028000 ) 
4 52 64 (896 -448 192.028000 ) (896 -448 320 ) (896 -384 320 ) (896 -384 192.028000 ) 
4 52 61 (896 -448 320 ) (896 -448 832 ) (896 -384 832 ) (896 -384 320 ) 
4 52 55 (960 -448 511.992218 ) (960 -384 511.992218 ) (896 -384 832 ) (896 -448 832 ) 
4 52 53 (959.997253 -448 511.986359 ) (896 -448 831.970703 ) (896 -448 192.028000 ) (896.005615 -448 192.028000 ) 
4 53 69 (896 -512 192.028000 ) (896 -512 832 ) (896 -448 832 ) (896 -448 192.028000 ) 
4 56 129 (0 -47.407440 1024 ) (0 0 1024 ) (0 0 896 ) (0 -47.407429 896 ) 
4 56 125 (0 -448 896 ) (0 -448 1024 ) (0 -47.407440 1024 ) (0 -47.407429 896 ) 
4 56 124 (0 -448 1024 ) (0 -448 1536 ) (0 0 1536 ) (0 0 1024 ) 
4 56 73 (128 -448 1024 ) (64 -448 1024 ) (64 -448 896 ) (128 -448 896 ) 
4 56 74 (64 -448 1024 ) (0 -448 1024 ) (0 -448 896 ) (64 -448 896 ) 
4 56 70 (384 -448 1024 ) (128 -448 1024 ) (128 -448 896 ) (384 -448 896 ) 
4 56 67 (512 -448 1024 ) (448 -448 1024 ) (448 -448 896 ) (512 -448 896 ) 
4 56 66 (896 -448 896 ) (896 -448 1024 ) (512 -448 1024 ) (512 -448 896 ) 
4 56 68 (448 -448 1024 ) (384 -448 1024 ) (384 -448 896 ) (448 -448 896 ) 
4 56 65 (896 -448 1024 ) (896 -448 1536 ) (0 -448 1536 ) (0 -448 1024 ) 
3 56 60 (98.461586 0 896 ) (896 0 896 ) (896 -384 896 ) 
3 56 57 (832 -448 896 ) (0 -448 896 ) (0 -47.407440 896 ) 
4 57 58 (6.561515 -50.569397 895.895020 ) (831.996094 -448 895.895020 ) (0 -448 895.895020 ) (0 -54.179962 895.895020 ) 
4 58 127 (0 -448 832.120972 ) (0 -448 896 ) (0 -54.179962 896 ) (0 -54.179966 832.120972 ) 
4 58 73 (128 -448 896 ) (64 -448 896 ) (64 -448 832.120972 ) (128 -448 832.120972 ) 
4 58 74 (64 -448 896 ) (0 -448 896 ) (0 -448 832.120972 ) (64 -448 832.120972 ) 
4 58 70 (384 -448 896 ) (128 -448 896 ) (128 -448 832.120972 ) (384 -448 832.120972 ) 
4 58 67 (512 -448 896 ) (448 -448 896 ) (448 -448 832.120972 ) (512 -448 832.120972 ) 
5 58 66 (832 -448 896 ) (512 -448 896 ) (512 -448 832.120972 ) (810.827942 -448 832.120972 ) (832 -448 848 ) 
4 58 68 (448 -448 896 ) (384 -448 896 ) (384 -448 832.120972 ) (448 -448 832.120972 ) 
4 58 59 (6.561515 -50.569397 832.120972 ) (831.996094 -448 832.120972 ) (0 -448 832.120972 ) (0 -54.179962 832.120972 ) 
4 59 128 (0 -448 320 ) (0 -448 832.120972 ) (0 -47.407440 832.120972 ) (0 -47.407429 320 ) 
4 59 73 (64 -448 320 ) (128 -448 320 ) (128 -448 832.120972 ) (64 -448 832.120972 ) 
4 59 74 (0 -448 832.120972 ) (0 -448 320 ) (64 -448 320 ) (64 -448 832.120972 ) 
4 59 70 (128 -448 320 ) (384 -448 512 ) (384 -448 832.120972 ) (128 -448 832.120972 ) 
4 59 69 (384 -448 320 ) (832 -448 320 ) (832 -448 806 ) (384 -448 512 ) 
4 59 67 (512 -448 832.120972 ) (448 -448 832.120972 ) (448 -448 560 ) (512 -448 608 ) 
3 59 66 (810.827942 -448 832.120972 ) (512 -448 832.120972 ) (512 -448 608 ) 
4 59 68 (448 -448 832.120972 ) (384 -448 832.120972 ) (384 -448 512 ) (448 -448 560 ) 
4 59 64 (832 -448 320 ) (128 -448 320 ) (128 -192 320 ) (300.307617 -192 320 ) 
3 59 62 (128 -109.037064 320 ) (300.307617 -192 320 ) (128 -192 320 ) 
4 59 61 (831.996094 -448 320 ) (0 -47.409271 320 ) (0 -47.408321 832.120972 ) (832 -448 832.120972 ) 
3 60 61 (98.461586 0 832 ) (896 0 832 ) (896 -384 832 ) 
4 61 130 (0 0 832 ) (0 0 320 ) (0 -47.407429 320 ) (0 -47.407440 832 ) 
5 61 69 (896 -448 320 ) (896 -448 832 ) (871.619019 -448 832 ) (832 -448 806 ) (832 -448 320 ) 
4 61 64 (896 -448 320 ) (832 -448 320 ) (300.307617 -192 320 ) (896 -192 320 ) 
5 61 62 (300.307617 -192 320 ) (128 -109.037064 320 ) (128 0 320 ) (896 0 320 ) (896 -192 320 ) 
4 62 64 (896 -192 192.028000 ) (896 -192 320 ) (128 -192 320 ) (383.943970 -192 192.028000 ) 
4 62 63 (0.027344 -191 192.028000 ) (0.027344 0 192.028000 ) (512.037292 0 192.028000 ) (512.037354 -191 192.028000 ) 
4 63 140 (0 0 192 ) (0 0 1 ) (0 -191 1 ) (0 -191 192 ) 
4 64 69 (896 -448 192.028000 ) (896 -448 320 ) (384 -448 320 ) (384 -448 192.028000 ) 
4 65 124 (0 -512 1024 ) (0 -512 1536 ) (0 -448 1536 ) (0 -448 1024 ) 
4 65 75 (896 -512 1024 ) (896 -512 1536 ) (0 -512 1536 ) (0 -512 1024 ) 
4 65 74 (0 -448 1024 ) (64 -448 1024 ) (64 -512 1024 ) (0 -512 1024 ) 
4 65 72 (128 -448 1024 ) (192 -448 1024 ) (192 -512 1024 ) (128 -512 1024 ) 
4 65 71 (256 -448 1024 ) (320 -448 1024 ) (320 -512 1024 ) (256 -512 1024 ) 
4 65 66 (512 -448 1024 ) (896 -448 1024 ) (896 -512 1024 ) (512 -512 1024 ) 
4 65 68 (384 -448 1024 ) (448 -448 1024 ) (448 -512 1024 ) (384 -512 1024 ) 
5 66 67 (512 -448 607.998047 ) (512 -512 607.998047 ) (512 -512 768.043823 ) (512 -448.006927 1024 ) (512 -448 1024 ) 
5 67 68 (448 -448 559.998047 ) (448 -512 559.998047 ) (448 -512 768.043701 ) (448 -448.006927 1024 ) (448 -448 1024 ) 
5 68 70 (384 -512 512 ) (384 -512 768.043823 ) (384 -448.006927 1024 ) (384 -448 1024 ) (384 -448 512 ) 
5 70 73 (128 -512 320 ) (128 -512 768.043762 ) (128 -448.006927 1024 ) (128 -448 1024 ) (128 -448 320 ) 
4 70 72 (128 -448.006836 1024 ) (128 -512 768.043274 ) (192 -512 768.043213 ) (192 -448.006836 1024 ) 
4 70 71 (256 -512 768.043091 ) (320 -512 768.043030 ) (320 -448.006836 1024 ) (256 -448.006836 1024 ) 
5 73 74 (64 -448 320 ) (64 -512 320 ) (64 -512 768.043823 ) (64 -448.006927 1024 ) (64 -448 1024 ) 
4 74 127 (0 -495.979706 832.120972 ) (0 -480.035187 895.895020 ) (0 -448 895.895020 ) (0 -448 832.120972 ) 
4 74 125 (0 -480.035187 895.895020 ) (0 -448.006927 1024 ) (0 -448 1024 ) (0 -448 895.895020 ) 
5 74 128 (0 -512 320 ) (0 -512 768.043823 ) (0 -495.979706 832.120972 ) (0 -448 832.120972 ) (0 -448 320 ) 
4 75 152 (0 -576 1024 ) (0 -576 1536 ) (0 -512 1536 ) (0 -512 1024 ) 
4 76 91 (-1024 575 1536 ) (-1024 575 1344 ) (0 575 1344 ) (0 575 1536 ) 
4 76 90 (-832 575 1344 ) (-1024 575 1344 ) (-1024 576 1344 ) (-832 576 1344 ) 
4 76 87 (-640 575 1344 ) (-704 575 1344 ) (-704 576 1344 ) (-640 576 1344 ) 
4 76 83 (-384 575 1344 ) (-448 575 1344 ) (-448 576 1344 ) (-384 576 1344 ) 
4 76 80 (-192 575 1344 ) (-256 575 1344 ) (-256 576 1344 ) (-192 576 1344 ) 
4 76 77 (0 575 1344 ) (-64 575 1344 ) (-64 576 1344 ) (0 576 1344 ) 
4 77 91 (-64 575 1024 ) (0 575 1024 ) (0 575 1344 ) (-64 575 1344 ) 
4 77 78 (-64 575 1216 ) (-64 575 1280 ) (-64 576 1280 ) (-64 576 1216 ) 
4 77 79 (-64 575 1088 ) (-64 575 1152 ) (-64 576 1152 ) (-64 576 1088 ) 
4 78 91 (-64 575 1216 ) (-64 575 1280 ) (-128 575 1280 ) (-128 575 1216 ) 
4 79 91 (-64 575 1088 ) (-64 575 1152 ) (-128 575 1152 ) (-128 575 1088 ) 
4 80 91 (-256 575 1024 ) (-192 575 1024 ) (-192 575 1344 ) (-256 575 1344 ) 
4 80 81 (-256 575 1216 ) (-256 575 1280 ) (-256 576 1280 ) (-256 576 1216 ) 
4 80 82 (-256 575 1088 ) (-256 575 1152 ) (-256 576 1152 ) (-256 576 1088 ) 
4 81 91 (-256 575 1216 ) (-256 575 1280 ) (-320 575 1280 ) (-320 575 1216 ) 
4 82 91 (-256 575 1088 ) (-256 575 1152 ) (-320 575 1152 ) (-320 575 1088 ) 
4 83 91 (-448 575 1024 ) (-384 575 1024 ) (-384 575 1344 ) (-448 575 1344 ) 
4 83 85 (-448 575 1152 ) (-448 575 1216 ) (-448 576 1216 ) (-448 576 1152 ) 
4 84 91 (-512 575 1280 ) (-576 575 1280 ) (-576 575 1216 ) (-512 575 1216 ) 
4 85 91 (-448 575 1152 ) (-448 575 1216 ) (-512 575 1216 ) (-512 575 1152 ) 
4 86 91 (-576 575 1024 ) (-512 575 1024 ) (-512 575 1152 ) (-576 575 1152 ) 
4 87 91 (-704 575 1024 ) (-640 575 1024 ) (-640 575 1344 ) (-704 575 1344 ) 
4 87 89 (-704 576 1024 ) (-704 575 1024 ) (-704 575 1152 ) (-704 576 1152 ) 
4 87 88 (-704 575 1216 ) (-704 575 1280 ) (-704 576 1280 ) (-704 576 1216 ) 
4 88 91 (-704 575 1216 ) (-704 575 1280 ) (-768 575 1280 ) (-768 575 1216 ) 
4 89 91 (-768 575 1024 ) (-704 575 1024 ) (-704 575 1152 ) (-768 575 1152 ) 
4 90 91 (-1024 575 1344 ) (-1024 575 1024 ) (-832 575 1024 ) (-832 575 1344 ) 
4 91 123 (-1024 512 1536 ) (-1024 512 1024 ) (-960 512 1024 ) (-960 512 1536 ) 
4 91 112 (-960 512 1024 ) (-896 512 1024 ) (-896 512 1536 ) (-960 512 1536 ) 
4 91 92 (-896 512 1024 ) (0 512 1024 ) (0 512 1536 ) (-896 512 1536 ) 
4 92 112 (-896 512 1536 ) (-896 512 1024 ) (-896 448 1024 ) (-896 448 1536 ) 
4 92 102 (-896 448 1536 ) (-896 448 1024 ) (0 448 1024 ) (0 448 1536 ) 
4 92 98 (-384 448 1024 ) (-448 448 1024 ) (-448 512 1024 ) (-384 512 1024 ) 
4 92 100 (-512 448 1024 ) (-896 448 1024 ) (-896 512 1024 ) (-512 512 1024 ) 
4 92 97 (-256 448 1024 ) (-320 448 1024 ) (-320 512 1024 ) (-256 512 1024 ) 
4 92 96 (-128 448 1024 ) (-192 448 1024 ) (-192 512 1024 ) (-128 512 1024 ) 
4 92 93 (0 448 1024 ) (-64 448 1024 ) (-64 512 1024 ) (0 512 1024 ) 
4 93 104 (0 448 832.120972 ) (0 448 896 ) (-64 448 896 ) (-64 448 832.120972 ) 
4 93 105 (0 448 320 ) (0 448 832.120972 ) (-64 448 832.120972 ) (-64 448 320 ) 
4 93 102 (0 448 896 ) (0 448 1024 ) (-64 448 1024 ) (-64 448 896 ) 
5 93 94 (-64 512 320 ) (-64 448 320 ) (-64 448 1024 ) (-64 448.006927 1024 ) (-64 512 768.043762 ) 
4 94 104 (-128 448 896 ) (-128 448 832.120972 ) (-64 448 832.120972 ) (-64 448 896 ) 
4 94 105 (-128 448 832.120972 ) (-128 448 320 ) (-64 448 320 ) (-64 448 832.120972 ) 
4 94 102 (-64 448 1024 ) (-128 448 1024 ) (-128 448 896 ) (-64 448 896 ) 
5 94 95 (-128 448 320 ) (-128 448 1024 ) (-128 448.006927 1024 ) (-128 512 768.043762 ) (-128 512 320 ) 
4 95 104 (-128 448 832.120972 ) (-128 448 896 ) (-384 448 896 ) (-384 448 832.120972 ) 
4 95 105 (-128 448 320 ) (-128 448 832.120972 ) (-384 448 832.120972 ) (-384 448 512 ) 
4 95 102 (-128 448 896 ) (-128 448 1024 ) (-384 448 1024 ) (-384 448 896 ) 
5 95 98 (-384 448 512 ) (-384 448 1024 ) (-384 448.006927 1024 ) (-384 512 768.043762 ) (-384 512 512 ) 
4 95 97 (-256 512 768.043091 ) (-320 512 768.043030 ) (-320 448.006836 1024 ) (-256 448.006836 1024 ) 
4 95 96 (-128 448.006836 1024 ) (-128 512 768.043274 ) (-192 512 768.043213 ) (-192 448.006836 1024 ) 
4 98 104 (-384 448 832.120972 ) (-384 448 896 ) (-448 448 896 ) (-448 448 832.120972 ) 
4 98 105 (-448 448 560 ) (-384 448 512 ) (-384 448 832.120972 ) (-448 448 832.120972 ) 
4 98 102 (-384 448 896 ) (-384 448 1024 ) (-448 448 1024 ) (-448 448 896 ) 
5 98 99 (-448 512 559.998047 ) (-448 448 559.998047 ) (-448 448 1024 ) (-448 448.006927 1024 ) (-448 512 768.043701 ) 
4 99 104 (-448 448 832.120972 ) (-448 448 896 ) (-512 448 896 ) (-512 448 832.120972 ) 
4 99 105 (-512 448 608 ) (-448 448 560 ) (-448 448 832.120972 ) (-512 448 832.120972 ) 
4 99 102 (-448 448 896 ) (-448 448 1024 ) (-512 448 1024 ) (-512 448 896 ) 
5 99 100 (-512 512 607.998047 ) (-512 448 607.998047 ) (-512 448 1024 ) (-512 448.006927 1024 ) (-512 512 768.043823 ) 
4 100 112 (-896 512 1024 ) (-896 512 896 ) (-896 448 896 ) (-896 448 1024 ) 
5 100 104 (-832 448 848 ) (-810.828003 448 832.120972 ) (-512 448 832.120972 ) (-512 448 896 ) (-832 448 896 ) 
3 100 105 (-810.828003 448 832.120972 ) (-512 448 608 ) (-512 448 832.120972 ) 
4 100 102 (-896 448 1024 ) (-896 448 896 ) (-512 448 896 ) (-512 448 1024 ) 
4 101 113 (-896 512 832 ) (-896 512 192.028000 ) (-896 448 192.028000 ) (-896 448 832 ) 
4 101 108 (-896 448 320 ) (-896 448 192.028000 ) (-384 448 192.028000 ) (-384 448 320 ) 
5 101 107 (-896 448 832 ) (-896 448 320 ) (-832 448 320 ) (-832 448 806 ) (-871.618958 448 832 ) 
4 101 105 (-832 448 320 ) (-384 448 320 ) (-384 448 512 ) (-832 448 806 ) 
4 102 129 (0 0 896 ) (0 0 1024 ) (-98.461586 0 1024 ) (-98.461609 0 896 ) 
4 102 125 (-98.461586 0 1024 ) (-896 0 1024 ) (-896 0 896 ) (-98.461609 0 896 ) 
4 102 124 (0 0 1024 ) (0 0 1536 ) (-896 0 1536 ) (-896 0 1024 ) 
4 102 112 (-896 0 896 ) (-896 0 1536 ) (-896 448 1536 ) (-896 448 896 ) 
3 102 106 (-98.461586 0 896 ) (-896 0 896 ) (-896 384 896 ) 
3 102 103 (-832 448 896 ) (0 448 896 ) (0 47.407440 896 ) 
4 103 104 (-6.561515 50.569397 895.895020 ) (-831.996094 448 895.895020 ) (0 448 895.895020 ) (0 54.179962 895.895020 ) 
4 104 105 (-6.561515 50.569397 832.120972 ) (-831.996094 448 832.120972 ) (0 448 832.120972 ) (0 54.179962 832.120972 ) 
3 105 110 (-128 109.037064 320 ) (-298.230682 191 320 ) (-128 191 320 ) 
4 105 109 (-128 191 320 ) (-298.230682 191 320 ) (-300.307617 192 320 ) (-128 192 320 ) 
4 105 108 (-832 448 320 ) (-128 448 320 ) (-128 192 320 ) (-300.307617 192 320 ) 
4 105 107 (-831.996094 448 320 ) (0 47.409271 320 ) (0 47.408321 832.120972 ) (-832 448 832.120972 ) 
4 106 126 (-98.461586 0 896 ) (-896 0 896 ) (-896 0 832 ) (-98.461609 0 832 ) 
3 106 107 (-896 0 832 ) (-896 384 832 ) (-98.461586 0 832 ) 
4 107 130 (0 0 320 ) (0 0 832 ) (-98.461586 0 832 ) (-98.461609 0 320 ) 
4 107 128 (-98.461586 0 832 ) (-896 0 832 ) (-896 0 320 ) (-98.461609 0 320 ) 
4 107 122 (-896 0 320 ) (-896 0 832 ) (-896 64 832 ) (-896 64 320 ) 
4 107 121 (-896 64 832 ) (-896 128 832 ) (-896 128 320 ) (-896 64 320 ) 
4 107 120 (-896 128 832 ) (-896 192 832 ) (-896 192 320 ) (-896 128 320 ) 
4 107 117 (-896 192 832 ) (-896 256 832 ) (-896 256 320 ) (-896 192 320 ) 
4 107 116 (-896 256 832 ) (-896 320 832 ) (-896 320 320 ) (-896 256 320 ) 
4 107 115 (-896 320 832 ) (-896 384 832 ) (-896 384 320 ) (-896 320 320 ) 
4 107 114 (-896 384 832 ) (-896 448 832 ) (-896 448 320 ) (-896 384 320 ) 
5 107 110 (-896 0 320 ) (-896 191 320 ) (-298.230682 191 320 ) (-128 109.037064 320 ) (-128 0 320 ) 
4 107 109 (-896 191 320 ) (-896 192 320 ) (-300.307617 192 320 ) (-298.230682 191 320 ) 
4 107 108 (-896 192 320 ) (-896 448 320 ) (-832 448 320 ) (-300.307617 192 320 ) 
4 108 117 (-896 192 320 ) (-896 256 320 ) (-896 256 192.028000 ) (-896 192 192.028000 ) 
4 108 116 (-896 256 320 ) (-896 320 320 ) (-896 320 192.028000 ) (-896 256 192.028000 ) 
4 108 115 (-896 320 320 ) (-896 384 320 ) (-896 384 192.028000 ) (-896 320 192.028000 ) 
4 108 114 (-896 384 320 ) (-896 448 320 ) (-896 448 192.028000 ) (-896 384 192.028000 ) 
4 108 109 (-383.943939 192 192.028000 ) (-128 192 320 ) (-896 192 320 ) (-896 192 192.028000 ) 
4 109 120 (-896 191 320 ) (-896 192 320 ) (-896 192 192.028000 ) (-896 191 192.028000 ) 
4 109 110 (-0.027985 191 192.028000 ) (-128 191 320 ) (-896 191 320 ) (-896 191 192.028000 ) 
4 110 139 (-0.027985 0 192.028000 ) (-128 0 320 ) (-896 0 320 ) (-896 0 192.028000 ) 
4 110 122 (-896 0 192.028000 ) (-896 0 320 ) (-896 64 320 ) (-896 64 192.028000 ) 
4 110 121 (-896 64 320 ) (-896 128 320 ) (-896 128 192.028000 ) (-896 64 192.028000 ) 
4 110 120 (-896 128 320 ) (-896 191 320 ) (-896 191 192.028000 ) (-896 128 192.028000 ) 
4 110 111 (-512.037354 191 192.028000 ) (-0.027344 191 192.028000 ) (-0.027344 0 192.028000 ) (-512.037292 0 192.028000 ) 
5 111 140 (0 0 1 ) (0 0 192 ) (-0.027985 0 192.028000 ) (-512.037292 0 192.028000 ) (-257.333252 0 1 ) 
4 112 142 (-896 0 896 ) (-896 0 1536 ) (-960 0 1536 ) (-960 0 896 ) 
4 112 123 (-960 512 1536 ) (-960 512 1024 ) (-960 0 1024 ) (-960 0 1536 ) 
4 113 114 (-896 448 832 ) (-960 448 512 ) (-896.005615 448 192.028000 ) (-896 448 192.028000 ) 
4 114 118 (-960 448 511.992218 ) (-960 384 511.992188 ) (-896 384 832 ) (-896 448 832 ) 
4 114 115 (-896 384 832 ) (-960 384 512 ) (-896.005615 384 192.028000 ) (-896 384 192.028000 ) 
4 115 116 (-896 320 832 ) (-960 320 512 ) (-896.005615 320 192.028000 ) (-896 320 192.028000 ) 
4 116 119 (-960 320 511.992188 ) (-960 256 511.992188 ) (-896 256 832 ) (-896 320 832 ) 
4 116 117 (-896 256 832 ) (-960 256 512 ) (-896.005615 256 192.028000 ) (-896 256 192.028000 ) 
4 117 120 (-896 192 192.028000 ) (-896 192 832 ) (-960 192 512 ) (-896.005615 192 192.028000 ) 
4 120 121 (-896 128 192.028000 ) (-896 128 832 ) (-960 128 512 ) (-896.005615 128 192.028000 ) 
4 121 122 (-896 64 192.028000 ) (-896 64 832 ) (-960 64 512 ) (-896.005615 64 192.028000 ) 
4 122 143 (-896 0 192.028000 ) (-896 0 832 ) (-960 0 512 ) (-896.005615 0 192.028000 ) 
4 123 151 (-960 0 1024 ) (-960 0 1536 ) (-1024 0 1536 ) (-1024 0 1024 ) 
4 124 152 (0 -512 1024 ) (0 -512 1536 ) (-896 -512 1536 ) (-896 -512 1024 ) 
4 124 142 (-896 -512 1024 ) (-896 -512 1536 ) (-896 0 1536 ) (-896 0 1024 ) 
4 124 136 (-704 -512 1024 ) (-896 -512 1024 ) (-896 -448.006927 1024 ) (-704 -448.006927 1024 ) 
4 124 135 (-576 -512 1024 ) (-640 -512 1024 ) (-640 -448.006927 1024 ) (-576 -448.006927 1024 ) 
4 124 134 (-448 -512 1024 ) (-512 -512 1024 ) (-512 -448.006927 1024 ) (-448 -448.006927 1024 ) 
4 124 132 (-192 -512 1024 ) (-256 -512 1024 ) (-256 -448.006927 1024 ) (-192 -448.006927 1024 ) 
4 124 133 (-320 -512 1024 ) (-384 -512 1024 ) (-384 -448.006927 1024 ) (-320 -448.006927 1024 ) 
4 124 131 (-64 -512 1024 ) (-128 -512 1024 ) (-128 -448.006927 1024 ) (-64 -448.006927 1024 ) 
3 124 129 (-98.461609 0 1024 ) (0 0 1024 ) (0 -47.407433 1024 ) 
5 124 125 (-896 -448.006927 1024 ) (-896 0 1024 ) (-98.461609 0 1024 ) (0 -47.407433 1024 ) (0 -448.006927 1024 ) 
4 125 142 (-896 -480.035187 895.895020 ) (-896 -448.006927 1024 ) (-896 0 1024 ) (-896 0 895.895020 ) 
4 125 136 (-704 -448.006256 1024 ) (-896 -448.006256 1024 ) (-896 -480.034485 895.895020 ) (-704 -480.034485 895.895020 ) 
4 125 135 (-576 -448.006256 1024 ) (-640 -448.006256 1024 ) (-640 -480.034485 895.895020 ) (-576 -480.034485 895.895020 ) 
4 125 134 (-448 -448.006256 1024 ) (-512 -448.006256 1024 ) (-512 -480.034485 895.895020 ) (-448 -480.034485 895.895020 ) 
4 125 132 (-192 -448.006256 1024 ) (-256 -448.006256 1024 ) (-256 -480.034485 895.895020 ) (-192 -480.034485 895.895020 ) 
4 125 133 (-320 -448.006256 1024 ) (-384 -448.006256 1024 ) (-384 -480.034485 895.895020 ) (-320 -480.034485 895.895020 ) 
4 125 131 (-64 -448.006256 1024 ) (-128 -448.006256 1024 ) (-128 -480.034485 895.895020 ) (-64 -480.034485 895.895020 ) 
4 125 129 (-98.469414 0 895.895020 ) (-98.469727 0 1024 ) (0 -47.411377 1024 ) (0 -47.411221 895.895020 ) 
3 125 127 (0 -54.179970 895.895020 ) (0 -480.035156 895.895020 ) (-773.910034 -480.035156 895.895020 ) 
3 125 126 (-896 -438.856995 895.895020 ) (-896 0 895.895020 ) (-98.461731 0 895.895020 ) 
3 126 128 (-98.461243 0 832.120972 ) (-896 -438.856995 832.120972 ) (-896 0 832.120972 ) 
4 127 137 (-802.884827 -495.978973 832.120972 ) (-704 -495.978973 832.120972 ) (-704 -480.034485 895.895020 ) (-773.908813 -480.034485 895.895020 ) 
4 127 135 (-640 -495.978973 832.120972 ) (-576 -495.978973 832.120972 ) (-576 -480.034485 895.895020 ) (-640 -480.034485 895.895020 ) 
4 127 134 (-512 -495.978973 832.120972 ) (-448 -495.978973 832.120972 ) (-448 -480.034485 895.895020 ) (-512 -480.034485 895.895020 ) 
4 127 132 (-256 -495.978973 832.120972 ) (-192 -495.978973 832.120972 ) (-192 -480.034485 895.895020 ) (-256 -480.034485 895.895020 ) 
4 127 133 (-384 -495.978973 832.120972 ) (-320 -495.978973 832.120972 ) (-320 -480.034485 895.895020 ) (-384 -480.034485 895.895020 ) 
4 127 131 (-128 -495.978973 832.120972 ) (-64 -495.978973 832.120972 ) (-64 -480.034485 895.895020 ) (-128 -480.034485 895.895020 ) 
3 127 128 (0 -54.179966 832.120972 ) (0 -495.980469 832.120972 ) (-802.887573 -495.980469 832.120972 ) 
5 128 150 (-896 -512 320 ) (-896 -512 768.043823 ) (-896 -495.979706 832.120972 ) (-896 -448 832.120972 ) (-896 -448 320 ) 
4 128 149 (-896 -448 832.120972 ) (-896 -384 832.120972 ) (-896 -384 320 ) (-896 -448 320 ) 
4 128 148 (-896 -384 832.120972 ) (-896 -320 832.120972 ) (-896 -320 320 ) (-896 -384 320 ) 
4 128 147 (-896 -320 832.120972 ) (-896 -256 832.120972 ) (-896 -256 320 ) (-896 -320 320 ) 
4 128 146 (-896 -256 832.120972 ) (-896 -192 832.120972 ) (-896 -192 320 ) (-896 -256 320 ) 
4 128 145 (-896 -192 832.120972 ) (-896 -128 832.120972 ) (-896 -128 320 ) (-896 -192 320 ) 
4 128 144 (-896 -128 832.120972 ) (-896 -64 832.120972 ) (-896 -64 320 ) (-896 -128 320 ) 
4 128 143 (-896 -64 832.120972 ) (-896 0 832.120972 ) (-896 0 320 ) (-896 -64 320 ) 
4 128 141 (-128 -512 320 ) (-896 -512 320 ) (-896 -192 320 ) (-128 -192 320 ) 
4 128 139 (-896 -192 320 ) (-896 0 320 ) (-128 0 320 ) (-128 -192 320 ) 
4 128 138 (-896 -495.978973 832.120972 ) (-896 -512 768.040771 ) (-704 -512 768.040771 ) (-704 -495.978973 832.120972 ) 
4 128 135 (-640 -512 768.040771 ) (-576 -512 768.040771 ) (-576 -495.978973 832.120972 ) (-640 -495.978973 832.120972 ) 
4 128 134 (-512 -512 768.040771 ) (-448 -512 768.040771 ) (-448 -495.978973 832.120972 ) (-512 -495.978973 832.120972 ) 
4 128 132 (-256 -512 768.040771 ) (-192 -512 768.040771 ) (-192 -495.978973 832.120972 ) (-256 -495.978973 832.120972 ) 
4 128 133 (-384 -512 768.040771 ) (-320 -512 768.040771 ) (-320 -495.978973 832.120972 ) (-384 -495.978973 832.120972 ) 
4 128 131 (-128 -512 768.040771 ) (-64 -512 768.040771 ) (-64 -495.978973 832.120972 ) (-128 -495.978973 832.120972 ) 
4 128 130 (0 -47.410522 320 ) (-98.468010 0 320 ) (-98.469261 0 832.120972 ) (0 -47.411144 832.120972 ) 
4 136 142 (-896 -512 895.895020 ) (-896 -512 1024 ) (-896 -448.006927 1024 ) (-896 -480.035187 895.895020 ) 
4 136 137 (-773.895874 -480.027344 895.895020 ) (-704 -480.027344 895.895020 ) (-704 -512 895.895020 ) (-832 -512 895.895020 ) 
4 137 138 (-802.873413 -495.972656 832.120972 ) (-704 -495.972656 832.120972 ) (-704 -512 832.120972 ) (-832 -512 832.120972 ) 
3 138 150 (-896 -512 768.043823 ) (-896 -512 832.120972 ) (-896 -495.979706 832.120972 ) 
4 139 145 (-896 -192 192.028000 ) (-896 -192 320 ) (-896 -128 320 ) (-896 -128 192.028000 ) 
4 139 144 (-896 -128 320 ) (-896 -64 320 ) (-896 -64 192.028000 ) (-896 -128 192.028000 ) 
4 139 143 (-896 -64 320 ) (-896 0 320 ) (-896 0 192.028000 ) (-896 -64 192.028000 ) 
4 139 141 (-128 -192 320 ) (-896 -192 320 ) (-896 -192 192.028000 ) (-383.943970 -192 192.028000 ) 
4 139 140 (-0.027344 0 192.028000 ) (-0.027344 -191 192.028000 ) (-512.037292 -191 192.028000 ) (-512.037354 0 192.028000 ) 
4 141 150 (-896 -512 192.028000 ) (-896 -512 320 ) (-896 -448 320 ) (-896 -448 192.028000 ) 
4 141 149 (-896 -448 320 ) (-896 -384 320 ) (-896 -384 192.028000 ) (-896 -448 192.028000 ) 
4 141 148 (-896 -384 320 ) (-896 -320 320 ) (-896 -320 192.028000 ) (-896 -384 192.028000 ) 
4 141 147 (-896 -320 320 ) (-896 -256 320 ) (-896 -256 192.028000 ) (-896 -320 192.028000 ) 
4 141 146 (-896 -256 320 ) (-896 -192 320 ) (-896 -192 192.028000 ) (-896 -256 192.028000 ) 
4 142 152 (-896 -512 1024 ) (-896 -512 1536 ) (-960 -512 1536 ) (-960 -512 1024 ) 
4 142 151 (-960 0 1536 ) (-960 0 1024 ) (-960 -512 1024 ) (-960 -512 1536 ) 
4 143 144 (-896 -64 192.028000 ) (-896 -64 832 ) (-960 -64 512 ) (-896.005615 -64 192.028000 ) 
4 144 145 (-896 -128 192.028000 ) (-896 -128 832 ) (-960 -128 512 ) (-896.005615 -128 192.028000 ) 
4 145 146 (-896 -192 192.028000 ) (-896 -192 832 ) (-960 -192 512 ) (-896.005615 -192 192.028000 ) 
4 146 147 (-896 -256 192.028000 ) (-896 -256 832 ) (-960 -256 512 ) (-896.005615 -256 192.028000 ) 
4 147 148 (-896 -320 192.028000 ) (-896 -320 832 ) (-960 -320 512 ) (-896.005615 -320 192.028000 ) 
4 148 149 (-896 -384 192.028000 ) (-896 -384 832 ) (-960 -384 512 ) (-896.005615 -384 192.028000 ) 
4 149 150 (-896 -448 192.028000 ) (-896 -448 832 ) (-960 -448 512 ) (-896.005615 -448 192.028000 ) 
4 151 152 (-1024 -512 1536 ) (-1024 -512 1024 ) (-960 -512 1024 ) (-960 -512 1536 ) 
